-------------------------------------------------------------------------------
Test set: test.api.TestRunner
-------------------------------------------------------------------------------
Tests run: 1, Failures: 1, Errors: 0, Skipped: 0, Time elapsed: 0.684 s <<< FAILURE! - in test.api.TestRunner
runTest  Time elapsed: 0.684 s  <<< FAILURE!
org.opentest4j.AssertionFailedError: no features or scenarios found: [classpath:features]

